build/intermediates/manifest_merge_blame_file/release/processReleaseMainManifest/manifest-merger-blame-release-report.txt
1<?xml version="1.0" encoding="utf-8"?>
2<manifest xmlns:android="http://schemas.android.com/apk/res/android"
3    package="com.hellovoid.freewidget"
4    android:versionCode="1"
5    android:versionName="1.0" >
6
7    <uses-sdk
7-->INJECTED
8        android:minSdkVersion="33"
8-->INJECTED
9        android:targetSdkVersion="37" />
9-->INJECTED
10
11    <application
11-->src/main/AndroidManifest.xml:3:5-10:19
12        android:allowBackup="false"
12-->src/main/AndroidManifest.xml:4:9-36
13        android:extractNativeLibs="false"
13-->INJECTED
14        android:supportsRtl="true" >
14-->src/main/AndroidManifest.xml:5:9-35
15        <meta-data
15-->src/main/AndroidManifest.xml:6:9-71
16            android:name="xposedmodule"
16-->src/main/AndroidManifest.xml:6:20-47
17            android:value="true" />
17-->src/main/AndroidManifest.xml:6:48-68
18        <meta-data
18-->src/main/AndroidManifest.xml:7:9-111
19            android:name="xposeddescription"
19-->src/main/AndroidManifest.xml:7:20-52
20            android:value="Free widget placement for MIUI launcher" />
20-->src/main/AndroidManifest.xml:7:53-108
21        <meta-data
21-->src/main/AndroidManifest.xml:8:9-73
22            android:name="xposedminversion"
22-->src/main/AndroidManifest.xml:8:20-51
23            android:value="82" />
23-->src/main/AndroidManifest.xml:8:52-70
24        <meta-data
24-->src/main/AndroidManifest.xml:9:9-88
25            android:name="xposedscope"
25-->src/main/AndroidManifest.xml:9:20-46
26            android:resource="@array/xposed_scope" />
26-->src/main/AndroidManifest.xml:9:47-85
27    </application>
28
29</manifest>